SF:lib\data\datasources\movies\movie_local_data_source.dart
DA:15,1
DA:17,1
DA:20,2
DA:23,2
DA:27,1
DA:30,2
DA:33,2
DA:37,1
DA:39,2
DA:41,1
DA:47,1
DA:49,2
DA:50,4
LF:13
LH:13
end_of_record
SF:lib\data\models\movies\movie_table.dart
DA:11,4
DA:18,2
DA:19,1
DA:20,1
DA:21,1
DA:22,1
DA:25,2
DA:26,1
DA:27,1
DA:28,1
DA:29,1
DA:32,0
DA:33,0
DA:34,0
DA:35,0
DA:36,0
DA:39,2
DA:40,1
DA:41,1
DA:42,1
DA:43,1
DA:46,2
DA:47,10
LF:23
LH:18
end_of_record
SF:lib\domain\entities\genre.dart
DA:4,6
DA:12,2
DA:13,6
LF:3
LH:3
end_of_record
SF:lib\domain\entities\movie.dart
DA:5,2
DA:21,1
DA:42,2
DA:43,2
DA:44,2
DA:45,2
DA:46,2
DA:47,2
DA:48,2
DA:49,2
DA:50,2
DA:51,2
DA:52,2
DA:53,2
DA:54,2
DA:55,2
DA:56,2
LF:17
LH:17
end_of_record
SF:lib\domain\entities\movie_detail.dart
DA:5,3
DA:33,1
DA:34,1
DA:35,1
DA:36,1
DA:37,1
DA:38,1
DA:39,1
DA:40,1
DA:41,1
DA:42,1
DA:43,1
DA:44,1
DA:45,1
LF:14
LH:14
end_of_record
SF:lib\data\datasources\db\database_helper.dart
DA:9,0
DA:13,0
DA:17,0
DA:18,0
DA:25,0
DA:26,0
DA:27,0
DA:29,0
DA:33,0
DA:34,0
DA:42,0
DA:53,0
DA:54,0
DA:55,0
DA:58,0
DA:59,0
DA:60,0
DA:63,0
DA:67,0
DA:68,0
DA:69,0
DA:72,0
DA:75,0
DA:76,0
DA:82,0
DA:83,0
DA:85,0
DA:91,0
DA:92,0
DA:93,0
DA:96,0
DA:97,0
DA:98,0
DA:101,0
DA:105,0
DA:106,0
DA:107,0
DA:110,0
DA:113,0
DA:114,0
DA:120,0
DA:121,0
DA:123,0
LF:43
LH:0
end_of_record
SF:lib\data\datasources\movies\movie_remote_data_source.dart
DA:25,1
DA:27,1
DA:30,3
DA:32,2
DA:33,4
DA:35,0
DA:39,1
DA:41,4
DA:43,2
DA:44,3
DA:46,1
DA:50,1
DA:52,1
DA:53,3
DA:55,2
DA:56,4
DA:58,1
DA:62,1
DA:65,3
DA:67,2
DA:68,4
DA:70,1
DA:74,1
DA:77,3
DA:79,2
DA:80,4
DA:82,1
DA:86,1
DA:88,1
DA:89,3
DA:91,2
DA:92,4
DA:94,1
DA:98,0
DA:101,0
DA:103,0
DA:104,0
DA:106,0
LF:38
LH:32
end_of_record
SF:lib\data\datasources\tv_series\tv_series_local_data_source.dart
DA:15,1
DA:17,1
DA:19,2
DA:21,1
DA:27,1
DA:29,2
DA:30,4
DA:33,1
DA:36,2
DA:39,2
DA:43,1
DA:46,2
DA:49,2
LF:13
LH:13
end_of_record
SF:lib\data\datasources\tv_series\tv_series_remote_data_source.dart
DA:28,1
DA:30,1
DA:32,2
DA:33,1
DA:36,2
DA:37,4
DA:39,1
DA:43,1
DA:45,2
DA:46,1
DA:49,2
DA:50,4
DA:52,1
DA:56,1
DA:58,2
DA:59,1
DA:62,2
DA:63,4
DA:65,1
DA:69,1
DA:71,2
DA:72,2
DA:75,2
DA:76,3
DA:78,1
DA:82,1
DA:84,2
DA:85,2
DA:88,2
DA:89,4
DA:91,1
DA:95,1
DA:97,2
DA:98,2
DA:101,2
DA:102,4
DA:104,1
DA:108,0
DA:110,0
DA:111,0
DA:114,0
DA:115,0
DA:117,0
DA:121,0
DA:124,0
DA:125,0
DA:128,0
DA:129,0
DA:131,0
LF:49
LH:37
end_of_record
SF:lib\data\models\movies\movie_detail_model.dart
DA:7,2
DA:53,1
DA:54,1
DA:55,1
DA:56,1
DA:57,1
DA:58,1
DA:59,4
DA:60,1
DA:61,1
DA:62,1
DA:63,1
DA:64,1
DA:65,1
DA:66,2
DA:67,1
DA:68,1
DA:69,1
DA:70,1
DA:71,1
DA:72,1
DA:73,1
DA:74,1
DA:75,2
DA:76,1
DA:79,0
DA:80,0
DA:81,0
DA:82,0
DA:83,0
DA:84,0
DA:85,0
DA:86,0
DA:87,0
DA:88,0
DA:89,0
DA:90,0
DA:91,0
DA:92,0
DA:93,0
DA:94,0
DA:95,0
DA:96,0
DA:97,0
DA:98,0
DA:99,0
DA:100,0
DA:103,1
DA:104,1
DA:105,1
DA:106,1
DA:107,5
DA:108,1
DA:109,1
DA:110,1
DA:111,1
DA:112,1
DA:113,1
DA:114,1
DA:115,1
DA:116,1
DA:120,1
DA:121,1
DA:122,1
DA:123,1
DA:124,1
DA:125,1
DA:126,1
DA:127,1
DA:128,1
DA:129,1
DA:130,1
DA:131,1
DA:132,1
DA:133,1
DA:134,1
DA:135,1
DA:136,1
DA:137,1
DA:138,1
DA:139,1
DA:140,1
DA:141,1
DA:142,1
LF:84
LH:62
end_of_record
SF:lib\data\models\movies\movie_model.dart
DA:5,5
DA:35,4
DA:36,2
DA:37,2
DA:38,8
DA:39,2
DA:40,2
DA:41,2
DA:42,4
DA:43,2
DA:44,2
DA:45,2
DA:46,2
DA:47,4
DA:48,2
DA:51,2
DA:52,1
DA:53,1
DA:54,4
DA:55,1
DA:56,1
DA:57,1
DA:58,1
DA:59,1
DA:60,1
DA:61,1
DA:62,1
DA:63,1
DA:64,1
DA:67,2
DA:68,2
DA:69,2
DA:70,2
DA:71,2
DA:72,2
DA:73,2
DA:74,2
DA:75,2
DA:76,2
DA:77,2
DA:78,2
DA:79,2
DA:80,2
DA:81,2
DA:85,2
DA:86,2
DA:87,2
DA:88,2
DA:89,2
DA:90,2
DA:91,2
DA:92,2
DA:93,2
DA:94,2
DA:95,2
DA:96,2
DA:97,2
DA:98,2
DA:99,2
LF:59
LH:59
end_of_record
SF:lib\data\models\tv_series\season_detail_model.dart
DA:14,0
DA:24,0
DA:25,0
DA:26,0
DA:27,0
DA:28,0
DA:29,0
DA:30,0
DA:31,0
DA:32,0
DA:35,0
DA:36,0
DA:37,0
DA:38,0
DA:39,0
DA:40,0
DA:41,0
DA:42,0
DA:43,0
DA:47,0
DA:48,0
DA:49,0
DA:50,0
DA:51,0
DA:52,0
DA:53,0
DA:54,0
DA:57,0
DA:58,0
DA:59,0
DA:60,0
DA:61,0
DA:62,0
DA:64,0
DA:65,0
DA:66,0
DA:67,0
LF:37
LH:0
end_of_record
SF:lib\data\models\tv_series\tv_series_detail_model.dart
DA:8,2
DA:60,1
DA:61,1
DA:62,1
DA:63,1
DA:64,1
DA:65,1
DA:66,4
DA:67,1
DA:68,1
DA:69,1
DA:70,4
DA:71,1
DA:72,1
DA:73,1
DA:74,1
DA:75,4
DA:76,1
DA:77,1
DA:78,1
DA:79,2
DA:80,1
DA:81,1
DA:82,4
DA:83,1
DA:84,1
DA:85,1
DA:86,2
DA:87,1
DA:90,0
DA:91,0
DA:92,0
DA:93,0
DA:94,0
DA:95,0
DA:96,0
DA:97,0
DA:98,0
DA:99,0
DA:100,0
DA:101,0
DA:102,0
DA:103,0
DA:104,0
DA:105,0
DA:106,0
DA:107,0
DA:108,0
DA:109,0
DA:110,0
DA:111,0
DA:112,0
DA:113,0
DA:114,0
DA:117,1
DA:118,1
DA:119,1
DA:120,1
DA:121,1
DA:122,5
DA:123,1
DA:124,1
DA:125,1
DA:126,1
DA:127,1
DA:128,1
DA:129,1
DA:130,5
DA:131,1
DA:132,1
DA:133,1
DA:134,1
DA:135,1
DA:136,1
DA:140,1
DA:141,1
DA:142,1
DA:143,1
DA:144,1
DA:145,1
DA:146,1
DA:147,1
DA:148,1
DA:149,1
DA:150,1
DA:151,1
DA:152,1
DA:153,1
DA:154,1
DA:155,1
DA:156,1
DA:157,1
DA:158,1
DA:159,1
DA:160,1
DA:161,1
DA:162,1
DA:163,1
DA:164,1
DA:165,1
DA:166,1
LF:101
LH:76
end_of_record
SF:lib\data\models\tv_series\tv_series_model.dart
DA:5,5
DA:37,4
DA:38,2
DA:39,2
DA:40,4
DA:41,2
DA:42,2
DA:43,4
DA:44,2
DA:45,2
DA:46,8
DA:47,8
DA:48,2
DA:49,2
DA:50,2
DA:51,2
DA:54,2
DA:55,1
DA:56,1
DA:57,1
DA:58,1
DA:59,1
DA:60,1
DA:61,1
DA:62,1
DA:63,4
DA:64,4
DA:65,1
DA:66,1
DA:67,1
DA:68,1
DA:71,2
DA:72,2
DA:73,2
DA:74,2
DA:75,2
DA:76,2
DA:77,2
DA:78,2
DA:79,2
DA:80,2
DA:81,2
DA:82,2
DA:83,2
DA:84,2
DA:85,2
DA:86,2
DA:90,2
DA:91,2
DA:92,2
DA:93,2
DA:94,2
DA:95,2
DA:96,2
DA:97,2
DA:98,2
DA:99,2
DA:100,2
DA:101,2
DA:102,2
DA:103,2
DA:104,2
DA:105,2
LF:63
LH:63
end_of_record
SF:lib\data\models\tv_series\tv_series_table.dart
DA:11,4
DA:18,2
DA:19,1
DA:20,1
DA:21,1
DA:22,1
DA:25,2
DA:26,1
DA:27,1
DA:28,1
DA:29,1
DA:32,0
DA:33,0
DA:34,0
DA:35,0
DA:36,0
DA:39,2
DA:40,1
DA:41,1
DA:42,1
DA:43,1
DA:46,2
DA:47,2
DA:48,2
DA:49,2
DA:50,2
DA:51,2
LF:27
LH:22
end_of_record
SF:lib\domain\entities\season_detail.dart
DA:13,0
DA:23,0
DA:25,0
DA:26,0
DA:27,0
DA:28,0
DA:29,0
DA:30,0
DA:31,0
DA:32,0
LF:10
LH:0
end_of_record
SF:lib\domain\entities\tv_series.dart
DA:5,2
DA:22,1
DA:44,2
DA:45,2
DA:46,2
DA:47,2
DA:48,2
DA:49,2
DA:50,2
DA:51,2
DA:52,2
DA:53,2
DA:54,2
DA:55,2
DA:56,2
DA:57,2
DA:58,2
DA:59,2
LF:18
LH:18
end_of_record
SF:lib\domain\entities\tv_series_detail.dart
DA:6,3
DA:46,1
DA:47,1
DA:48,1
DA:49,1
DA:50,1
DA:51,1
DA:52,1
DA:53,1
DA:54,1
DA:55,1
DA:56,1
DA:57,1
DA:58,1
DA:59,1
DA:60,1
DA:61,1
DA:62,1
DA:63,1
DA:64,1
DA:65,1
LF:21
LH:21
end_of_record
SF:lib\styles\text_styles.dart
DA:5,0
DA:6,0
DA:7,0
DA:9,0
DA:11,0
DA:15,0
DA:16,0
DA:17,0
DA:18,0
DA:19,0
LF:10
LH:0
end_of_record
SF:lib\utils\exception.dart
DA:6,4
LF:1
LH:1
end_of_record
SF:lib\utils\failure.dart
DA:7,2
DA:9,2
DA:10,4
DA:14,2
DA:18,2
DA:22,2
DA:26,0
LF:7
LH:6
end_of_record
SF:lib\utils\utils.dart
DA:3,0
LF:1
LH:0
end_of_record
SF:lib\data\models\movies\movie_response.dart
DA:7,3
DA:9,4
DA:10,4
DA:11,6
DA:12,6
DA:15,2
DA:16,5
DA:19,1
DA:20,2
LF:9
LH:9
end_of_record
SF:lib\data\models\tv_series\tv_series_response.dart
DA:7,3
DA:9,2
DA:10,2
DA:11,4
DA:12,6
DA:13,4
DA:14,6
DA:17,2
DA:18,5
DA:21,1
DA:22,2
LF:11
LH:11
end_of_record
SF:lib\data\models\movies\genre_model.dart
DA:5,4
DA:13,4
DA:14,2
DA:15,2
DA:18,0
DA:19,0
DA:20,0
DA:23,2
DA:24,6
DA:27,2
DA:28,6
LF:11
LH:8
end_of_record
SF:lib\data\models\tv_series\episode_model.dart
DA:16,0
DA:29,0
DA:30,0
DA:31,0
DA:32,0
DA:33,0
DA:34,0
DA:35,0
DA:36,0
DA:37,0
DA:38,0
DA:39,0
DA:40,0
DA:43,0
DA:44,0
DA:45,0
DA:46,0
DA:47,0
DA:48,0
DA:49,0
DA:50,0
DA:51,0
DA:52,0
DA:53,0
DA:56,0
DA:57,0
DA:58,0
DA:59,0
DA:60,0
DA:61,0
DA:62,0
DA:63,0
DA:64,0
DA:65,0
DA:66,0
DA:69,0
DA:70,0
DA:71,0
DA:72,0
DA:73,0
DA:74,0
DA:75,0
DA:76,0
DA:77,0
DA:78,0
DA:79,0
DA:80,0
LF:47
LH:0
end_of_record
SF:lib\domain\entities\episode.dart
DA:15,0
DA:28,0
DA:30,0
DA:31,0
DA:32,0
DA:33,0
DA:34,0
DA:35,0
DA:36,0
DA:37,0
DA:38,0
DA:39,0
DA:40,0
LF:13
LH:0
end_of_record
SF:lib\data\models\tv_series\season_model.dart
DA:5,2
DA:23,2
DA:24,1
DA:25,1
DA:26,1
DA:27,1
DA:28,1
DA:29,1
DA:30,1
DA:33,0
DA:34,0
DA:35,0
DA:36,0
DA:37,0
DA:38,0
DA:39,0
DA:40,0
DA:43,1
DA:44,1
DA:45,1
DA:46,1
DA:47,1
DA:48,1
DA:49,1
DA:50,1
DA:51,1
DA:55,1
DA:56,1
DA:57,1
DA:58,1
DA:59,1
DA:60,1
DA:61,1
DA:62,1
DA:63,1
LF:35
LH:27
end_of_record
SF:lib\domain\entities\season.dart
DA:4,3
DA:22,1
DA:23,1
DA:24,1
DA:25,1
DA:26,1
DA:27,1
DA:28,1
DA:29,1
DA:30,1
LF:10
LH:10
end_of_record
SF:lib\data\repositories\movie_repository_impl.dart
DA:16,1
DA:21,1
DA:24,2
DA:25,5
DA:26,1
DA:27,2
DA:28,1
DA:29,2
DA:30,0
DA:31,0
DA:33,0
DA:37,1
DA:40,2
DA:41,2
DA:42,1
DA:43,2
DA:44,1
DA:45,2
DA:46,0
DA:47,0
DA:49,0
DA:53,1
DA:56,2
DA:57,3
DA:58,1
DA:59,2
DA:60,1
DA:61,2
DA:62,0
DA:63,0
DA:65,0
DA:69,1
DA:72,2
DA:73,5
DA:74,1
DA:75,2
DA:76,1
DA:77,2
DA:78,0
DA:79,0
DA:81,0
DA:85,1
DA:88,2
DA:89,5
DA:90,1
DA:91,2
DA:92,1
DA:93,2
DA:94,0
DA:95,0
DA:97,0
DA:101,1
DA:104,2
DA:105,5
DA:106,1
DA:107,2
DA:108,1
DA:109,2
DA:110,0
DA:111,0
DA:113,0
DA:117,1
DA:121,3
DA:122,1
DA:123,1
DA:124,3
DA:130,1
DA:134,3
DA:135,1
DA:136,1
DA:137,3
DA:141,1
DA:143,2
DA:147,1
DA:149,2
DA:150,5
DA:153,0
DA:156,0
DA:157,0
DA:158,0
DA:159,0
DA:160,0
DA:161,0
DA:162,0
DA:163,0
DA:165,0
LF:86
LH:58
end_of_record
SF:lib\data\repositories\tv_series_repository_impl.dart
DA:17,1
DA:22,1
DA:25,2
DA:26,5
DA:27,1
DA:28,2
DA:29,1
DA:30,2
DA:31,0
DA:32,0
DA:34,0
DA:38,1
DA:41,2
DA:42,5
DA:43,1
DA:44,2
DA:45,1
DA:46,2
DA:47,0
DA:48,0
DA:50,0
DA:54,1
DA:57,2
DA:58,5
DA:59,1
DA:60,2
DA:61,1
DA:62,2
DA:63,0
DA:64,0
DA:66,0
DA:70,1
DA:73,2
DA:74,2
DA:75,1
DA:76,2
DA:77,1
DA:78,2
DA:79,0
DA:80,0
DA:82,0
DA:86,1
DA:91,2
DA:92,3
DA:93,1
DA:94,2
DA:95,1
DA:96,2
DA:97,0
DA:98,0
DA:100,0
DA:104,1
DA:106,2
DA:107,5
DA:110,1
DA:112,2
DA:116,1
DA:120,1
DA:121,2
DA:122,1
DA:123,1
DA:124,3
DA:128,1
DA:132,1
DA:133,2
DA:134,1
DA:135,1
DA:136,3
DA:142,1
DA:145,2
DA:146,5
DA:147,1
DA:148,2
DA:149,1
DA:150,2
DA:151,0
DA:152,0
DA:154,0
DA:158,0
DA:161,0
DA:162,0
DA:163,0
DA:164,0
DA:165,0
DA:166,0
DA:167,0
DA:168,0
DA:170,0
DA:174,0
DA:179,0
DA:180,0
DA:181,0
DA:182,0
DA:183,0
DA:184,0
DA:185,0
DA:186,0
DA:188,0
LF:98
LH:60
end_of_record
