SF:lib\domain\usecases\get_airing_today_tv_series.dart
DA:9,1
DA:11,1
DA:12,2
LF:3
LH:3
end_of_record
SF:lib\domain\usecases\get_now_playing_tv_series.dart
DA:9,1
DA:11,1
DA:12,2
LF:3
LH:3
end_of_record
SF:lib\domain\usecases\get_popular_tv_series.dart
DA:9,1
DA:11,1
DA:12,2
LF:3
LH:3
end_of_record
SF:lib\domain\usecases\get_top_rated_tv_series.dart
DA:9,1
DA:11,1
DA:12,2
LF:3
LH:3
end_of_record
SF:lib\domain\usecases\get_tv_series_detail.dart
DA:9,1
DA:11,1
DA:12,2
LF:3
LH:3
end_of_record
SF:lib\domain\usecases\get_tv_series_recommendations.dart
DA:9,1
DA:11,1
DA:12,2
LF:3
LH:3
end_of_record
SF:lib\domain\usecases\get_watchlist_status_tv_series.dart
DA:6,1
DA:8,1
DA:9,2
LF:3
LH:3
end_of_record
SF:lib\domain\usecases\get_watchlist_tv_series.dart
DA:9,1
DA:11,1
DA:12,2
LF:3
LH:3
end_of_record
SF:lib\domain\usecases\remove_watchlist_tv_series.dart
DA:9,1
DA:11,1
DA:12,2
LF:3
LH:3
end_of_record
SF:lib\domain\usecases\save_watchlist_tv_series.dart
DA:9,1
DA:11,1
DA:12,2
LF:3
LH:3
end_of_record
SF:lib\domain\usecases\search_tv_series.dart
DA:9,1
DA:11,1
DA:12,2
LF:3
LH:3
end_of_record
SF:lib\presentation\bloc\airing_today\airing_today_tv_series_state.dart
DA:4,2
DA:6,1
DA:7,1
DA:19,2
DA:21,1
DA:22,2
DA:28,1
DA:30,1
DA:31,2
LF:9
LH:9
end_of_record
SF:lib\presentation\bloc\airing_today\airing_today_tv_series_event.dart
DA:4,1
DA:6,0
DA:7,0
LF:3
LH:1
end_of_record
SF:lib\presentation\bloc\airing_today\airing_today_tv_series_bloc.dart
DA:13,1
DA:14,2
DA:15,2
DA:16,2
DA:18,2
DA:20,1
DA:21,1
DA:22,3
DA:24,1
DA:25,1
DA:26,2
DA:28,2
LF:12
LH:12
end_of_record
SF:lib\domain\usecases\get_detail_season.dart
DA:9,0
DA:11,0
DA:12,0
LF:3
LH:0
end_of_record
SF:lib\presentation\bloc\season\detail_season_state.dart
DA:4,4
DA:6,1
DA:7,1
DA:19,3
DA:21,1
DA:22,2
DA:28,3
DA:30,1
DA:31,2
LF:9
LH:9
end_of_record
SF:lib\presentation\bloc\season\detail_season_event.dart
DA:4,2
DA:6,0
DA:7,0
DA:14,2
DA:19,0
DA:20,0
LF:6
LH:2
end_of_record
SF:lib\presentation\bloc\season\detail_season_bloc.dart
DA:12,3
DA:13,2
DA:14,2
DA:16,2
DA:17,1
DA:18,1
DA:21,1
DA:22,1
DA:23,3
DA:25,1
DA:26,2
LF:11
LH:11
end_of_record
SF:lib\presentation\bloc\detail\detail_tv_series_bloc.dart
DA:26,1
DA:32,2
DA:33,2
DA:34,3
DA:36,3
DA:38,3
DA:40,1
DA:41,1
DA:42,3
DA:44,1
DA:47,1
DA:48,3
DA:53,1
DA:54,0
DA:55,0
DA:57,0
DA:60,1
DA:61,1
DA:62,3
DA:67,3
DA:77,2
DA:78,3
DA:80,1
DA:81,1
DA:82,4
DA:84,1
DA:85,3
DA:89,4
DA:92,2
DA:93,3
DA:95,1
DA:96,5
DA:97,1
DA:98,3
DA:101,4
DA:104,2
DA:105,3
DA:106,3
LF:38
LH:35
end_of_record
SF:lib\presentation\bloc\detail\detail_tv_series_event.dart
DA:4,3
DA:6,0
DA:7,0
DA:13,2
DA:15,0
DA:16,0
DA:22,2
DA:24,0
DA:25,0
DA:31,2
DA:33,0
DA:34,0
DA:40,3
DA:42,0
DA:43,0
LF:15
LH:5
end_of_record
SF:lib\presentation\bloc\detail\detail_tv_series_state.dart
DA:12,4
DA:22,2
DA:31,2
DA:32,2
DA:33,1
DA:35,2
DA:36,2
DA:37,2
DA:38,2
DA:39,2
DA:43,1
DA:44,1
DA:45,1
DA:46,1
DA:47,1
DA:48,1
DA:49,1
DA:50,1
DA:51,1
DA:54,2
LF:20
LH:20
end_of_record
SF:lib\presentation\bloc\now_playing\now_playing_tv_series_bloc.dart
DA:13,1
DA:14,2
DA:15,2
DA:16,2
DA:18,2
DA:20,1
DA:21,1
DA:22,3
DA:24,1
DA:25,1
DA:26,2
DA:28,2
LF:12
LH:12
end_of_record
SF:lib\presentation\bloc\now_playing\now_playing_tv_series_state.dart
DA:4,4
DA:6,1
DA:7,1
DA:19,3
DA:21,1
DA:22,2
DA:28,2
DA:30,1
DA:31,2
LF:9
LH:9
end_of_record
SF:lib\presentation\bloc\now_playing\now_playing_tv_series_event.dart
DA:4,2
DA:6,0
DA:7,0
LF:3
LH:1
end_of_record
SF:lib\presentation\bloc\popular\popular_tv_series_state.dart
DA:4,4
DA:6,1
DA:7,1
DA:19,3
DA:21,1
DA:22,2
DA:28,2
DA:30,1
DA:31,2
LF:9
LH:9
end_of_record
SF:lib\presentation\bloc\popular\popular_tv_series_bloc.dart
DA:13,1
DA:14,2
DA:15,2
DA:16,2
DA:18,2
DA:20,1
DA:21,1
DA:22,3
DA:24,1
DA:25,1
DA:26,2
DA:28,2
LF:12
LH:12
end_of_record
SF:lib\presentation\bloc\popular\popular_tv_series_event.dart
DA:4,2
DA:6,0
DA:7,0
LF:3
LH:1
end_of_record
SF:lib\presentation\bloc\top_rated\top_rated_tv_series_event.dart
DA:4,2
DA:6,0
DA:7,0
LF:3
LH:1
end_of_record
SF:lib\presentation\bloc\top_rated\top_rated_tv_series_bloc.dart
DA:13,1
DA:14,2
DA:15,2
DA:16,2
DA:18,2
DA:20,1
DA:21,1
DA:22,3
DA:24,1
DA:25,1
DA:26,2
DA:28,2
LF:12
LH:12
end_of_record
SF:lib\presentation\bloc\top_rated\top_rated_tv_series_state.dart
DA:4,4
DA:6,1
DA:7,1
DA:19,3
DA:21,1
DA:22,2
DA:28,2
DA:30,1
DA:31,2
LF:9
LH:9
end_of_record
SF:lib\presentation\bloc\watchlist\watchlist_tv_series_state.dart
DA:4,4
DA:6,1
DA:7,1
DA:19,3
DA:21,1
DA:22,2
DA:28,2
DA:30,1
DA:31,2
LF:9
LH:9
end_of_record
SF:lib\presentation\bloc\watchlist\watchlist_tv_series_event.dart
DA:4,2
DA:6,0
DA:7,0
LF:3
LH:1
end_of_record
SF:lib\presentation\bloc\watchlist\watchlist_tv_series_bloc.dart
DA:13,1
DA:14,2
DA:15,2
DA:16,2
DA:18,2
DA:20,1
DA:21,1
DA:22,3
DA:24,1
DA:25,1
DA:26,2
DA:28,2
LF:12
LH:12
end_of_record
SF:lib\presentation\bloc\search\search_tv_series_state.dart
DA:4,4
DA:6,1
DA:7,1
DA:19,3
DA:21,1
DA:22,2
DA:28,2
DA:30,1
DA:31,2
LF:9
LH:9
end_of_record
SF:lib\presentation\bloc\search\search_tv_series_event.dart
DA:4,1
DA:6,0
DA:7,0
DA:13,1
DA:15,0
DA:16,0
LF:6
LH:2
end_of_record
SF:lib\presentation\bloc\search\search_tv_series_bloc.dart
DA:14,3
DA:15,2
DA:16,1
DA:18,2
DA:19,2
DA:21,1
DA:22,1
DA:23,3
DA:25,1
DA:26,1
DA:27,2
DA:29,2
DA:33,1
DA:36,1
DA:37,3
LF:15
LH:15
end_of_record
SF:lib\presentation\pages\detail_season_page.dart
DA:16,1
DA:22,1
DA:23,1
DA:27,1
DA:29,1
DA:30,1
DA:31,5
DA:32,2
DA:33,2
DA:38,1
DA:40,1
DA:41,1
DA:42,1
DA:44,0
DA:45,0
DA:48,1
DA:49,1
DA:50,1
DA:51,1
DA:52,1
DA:53,3
DA:60,1
DA:61,1
DA:62,1
DA:66,1
DA:67,2
DA:68,1
DA:69,1
DA:70,1
DA:71,1
DA:72,1
DA:73,1
DA:81,1
DA:85,1
DA:86,1
DA:88,2
DA:91,0
DA:92,0
DA:104,1
DA:106,1
DA:108,1
DA:110,1
DA:112,1
DA:113,1
DA:114,1
DA:120,1
DA:122,1
DA:123,1
DA:124,2
DA:127,1
DA:130,1
DA:131,2
DA:139,1
DA:144,1
DA:146,1
DA:147,2
DA:148,2
DA:149,1
DA:151,1
DA:154,0
LF:60
LH:55
end_of_record
SF:lib\presentation\pages\now_playing_tv_series_page.dart
DA:11,1
DA:13,1
DA:14,1
DA:18,1
DA:20,1
DA:21,1
DA:22,1
DA:23,4
DA:27,1
DA:29,1
DA:30,1
DA:33,1
DA:35,1
DA:36,1
DA:37,1
DA:41,1
DA:42,1
DA:43,1
DA:44,1
DA:45,1
DA:46,1
DA:48,1
DA:50,1
DA:54,1
DA:55,1
DA:57,2
DA:60,0
DA:61,0
LF:28
LH:26
end_of_record
SF:lib\presentation\widgets\tv_series_card_list.dart
DA:10,5
DA:12,5
DA:14,5
DA:16,5
DA:17,0
DA:18,0
DA:21,0
DA:24,5
DA:26,5
DA:27,5
DA:28,5
DA:34,5
DA:36,5
DA:37,5
DA:38,10
DA:41,5
DA:44,5
DA:45,10
DA:53,5
DA:58,5
DA:60,5
DA:61,15
DA:63,5
DA:66,0
LF:24
LH:20
end_of_record
SF:lib\presentation\pages\popular_tv_series_page.dart
DA:11,1
DA:13,1
DA:14,1
DA:18,1
DA:20,1
DA:21,1
DA:22,5
DA:26,1
DA:28,1
DA:29,1
DA:32,1
DA:34,1
DA:35,1
DA:36,1
DA:40,1
DA:41,1
DA:42,1
DA:43,1
DA:44,1
DA:45,1
DA:47,1
DA:49,1
DA:53,1
DA:54,1
DA:56,2
DA:59,0
DA:60,0
LF:27
LH:25
end_of_record
SF:lib\presentation\pages\search_tv_series_page.dart
DA:10,1
DA:12,1
DA:13,1
DA:17,1
DA:19,1
DA:20,1
DA:23,1
DA:25,1
DA:27,1
DA:28,1
DA:29,0
DA:30,0
DA:40,1
DA:42,1
DA:44,1
DA:45,1
DA:46,1
DA:50,1
DA:51,1
DA:52,1
DA:53,1
DA:55,1
DA:56,1
DA:57,1
DA:59,1
DA:62,1
DA:68,1
DA:69,1
DA:71,1
DA:72,2
DA:76,0
DA:77,0
LF:32
LH:28
end_of_record
SF:lib\presentation\pages\top_rated_tv_series_page.dart
DA:11,1
DA:13,1
DA:14,1
DA:18,1
DA:20,1
DA:21,1
DA:22,5
DA:26,1
DA:28,1
DA:29,1
DA:32,1
DA:34,1
DA:35,1
DA:36,1
DA:40,1
DA:41,1
DA:42,1
DA:43,1
DA:44,1
DA:45,1
DA:47,1
DA:49,1
DA:53,1
DA:54,1
DA:56,2
DA:59,0
DA:60,0
LF:27
LH:25
end_of_record
SF:lib\presentation\pages\tv_series_detail_page.dart
DA:23,1
DA:25,1
DA:26,1
DA:30,1
DA:32,1
DA:33,2
DA:34,6
DA:35,1
DA:36,1
DA:37,4
DA:41,1
DA:43,1
DA:44,1
DA:45,1
DA:46,2
DA:50,2
DA:51,1
DA:52,1
DA:53,1
DA:55,1
DA:56,1
DA:59,2
DA:63,2
DA:64,1
DA:65,2
DA:68,0
DA:69,0
DA:83,1
DA:90,1
DA:92,3
DA:93,1
DA:94,1
DA:95,1
DA:96,3
DA:98,1
DA:101,0
DA:103,1
DA:105,1
DA:106,1
DA:107,1
DA:117,1
DA:118,1
DA:119,1
DA:121,1
DA:123,1
DA:125,1
DA:126,1
DA:127,2
DA:128,1
DA:130,1
DA:132,0
DA:133,0
DA:134,0
DA:135,0
DA:136,0
DA:137,0
DA:138,0
DA:141,0
DA:144,0
DA:145,0
DA:147,0
DA:151,0
DA:153,0
DA:154,0
DA:155,0
DA:161,1
DA:162,1
DA:163,1
DA:164,1
DA:166,1
DA:167,3
DA:169,2
DA:170,2
DA:173,1
DA:175,1
DA:176,1
DA:185,1
DA:186,3
DA:188,1
DA:189,1
DA:190,1
DA:191,3
DA:193,1
DA:199,4
DA:203,1
DA:205,1
DA:207,1
DA:208,2
DA:211,1
DA:213,1
DA:215,1
DA:216,3
DA:219,1
DA:221,1
DA:223,1
DA:224,2
DA:225,2
DA:228,1
DA:230,1
DA:232,1
DA:234,1
DA:235,2
DA:238,2
DA:240,1
DA:242,1
DA:244,1
DA:245,2
DA:246,1
DA:248,1
DA:249,0
DA:250,0
DA:253,0
DA:256,1
DA:260,1
DA:262,2
DA:263,1
DA:264,1
DA:267,1
DA:269,1
DA:271,1
DA:272,1
DA:278,0
DA:289,2
DA:292,0
DA:297,0
DA:299,0
DA:301,0
DA:302,0
DA:311,1
DA:313,1
DA:326,1
DA:328,1
DA:331,1
DA:333,0
DA:334,0
DA:343,1
DA:345,2
DA:346,3
DA:349,1
DA:353,3
DA:356,1
DA:357,1
DA:360,1
DA:368,1
DA:374,1
DA:376,1
DA:378,1
DA:380,1
DA:381,2
DA:382,1
DA:384,1
DA:385,0
DA:386,0
DA:389,0
DA:390,0
DA:391,0
DA:395,1
DA:397,1
DA:399,2
DA:400,2
DA:403,1
DA:404,1
DA:405,1
DA:406,1
DA:411,0
DA:421,2
LF:166
LH:131
end_of_record
SF:lib\presentation\pages\watchlist_tv_series_page.dart
DA:10,1
DA:12,1
DA:13,1
DA:18,1
DA:20,1
DA:21,1
DA:22,5
DA:26,1
DA:28,1
DA:29,4
DA:32,0
DA:34,0
DA:37,1
DA:39,1
DA:40,1
DA:42,1
DA:43,1
DA:44,1
DA:48,1
DA:49,1
DA:50,1
DA:51,1
DA:52,1
DA:53,1
DA:55,1
DA:57,1
DA:61,1
DA:62,1
DA:64,2
DA:67,0
DA:68,0
DA:77,1
DA:79,2
DA:80,1
LF:34
LH:30
end_of_record
