SF:lib\domain\usecases\get_movie_detail.dart
DA:9,1
DA:11,1
DA:12,2
LF:3
LH:3
end_of_record
SF:lib\domain\usecases\get_movie_recommendations.dart
DA:9,1
DA:11,1
DA:12,2
LF:3
LH:3
end_of_record
SF:lib\domain\usecases\get_now_playing_movies.dart
DA:9,1
DA:11,1
DA:12,2
LF:3
LH:3
end_of_record
SF:lib\domain\usecases\get_popular_movies.dart
DA:9,1
DA:11,1
DA:12,2
LF:3
LH:3
end_of_record
SF:lib\domain\usecases\get_top_rated_movies.dart
DA:9,1
DA:11,1
DA:12,2
LF:3
LH:3
end_of_record
SF:lib\domain\usecases\get_upcoming_movies.dart
DA:9,1
DA:11,1
DA:12,2
LF:3
LH:3
end_of_record
SF:lib\domain\usecases\get_watchlist_movies.dart
DA:9,1
DA:11,1
DA:12,2
LF:3
LH:3
end_of_record
SF:lib\domain\usecases\get_watchlist_status.dart
DA:6,1
DA:8,1
DA:9,2
LF:3
LH:3
end_of_record
SF:lib\domain\usecases\remove_watchlist.dart
DA:9,1
DA:11,1
DA:12,2
LF:3
LH:3
end_of_record
SF:lib\domain\usecases\save_watchlist.dart
DA:9,1
DA:11,1
DA:12,2
LF:3
LH:3
end_of_record
SF:lib\domain\usecases\search_movies.dart
DA:9,1
DA:11,1
DA:12,2
LF:3
LH:3
end_of_record
SF:lib\presentation\bloc\detail\detail_movies_state.dart
DA:12,4
DA:22,2
DA:31,2
DA:32,2
DA:33,1
DA:34,2
DA:35,2
DA:36,2
DA:37,2
DA:38,2
DA:42,1
DA:43,1
DA:44,1
DA:45,1
DA:46,1
DA:47,1
DA:48,1
DA:49,1
DA:50,1
DA:53,2
LF:20
LH:20
end_of_record
SF:lib\presentation\bloc\detail\detail_movies_bloc.dart
DA:25,1
DA:31,2
DA:32,2
DA:33,3
DA:35,3
DA:37,3
DA:39,1
DA:40,1
DA:41,3
DA:43,1
DA:46,1
DA:47,3
DA:52,1
DA:53,0
DA:54,0
DA:56,0
DA:59,1
DA:60,1
DA:61,3
DA:66,3
DA:76,2
DA:77,3
DA:79,1
DA:80,1
DA:81,4
DA:83,1
DA:84,3
DA:88,4
DA:91,2
DA:92,3
DA:94,1
DA:95,5
DA:96,1
DA:97,3
DA:100,4
DA:103,2
DA:104,3
DA:105,3
LF:38
LH:35
end_of_record
SF:lib\presentation\bloc\detail\detail_movies_event.dart
DA:4,3
DA:6,0
DA:7,0
DA:13,2
DA:15,0
DA:16,0
DA:22,2
DA:24,0
DA:25,0
DA:31,2
DA:33,0
DA:34,0
DA:40,3
DA:42,0
DA:43,0
LF:15
LH:5
end_of_record
SF:lib\presentation\bloc\now_playing\now_playing_movies_state.dart
DA:4,4
DA:6,1
DA:7,1
DA:19,3
DA:21,1
DA:22,2
DA:28,2
DA:30,1
DA:31,2
LF:9
LH:9
end_of_record
SF:lib\presentation\bloc\now_playing\now_playing_movies_bloc.dart
DA:13,1
DA:14,2
DA:15,2
DA:16,2
DA:18,2
DA:20,1
DA:21,1
DA:22,3
DA:24,1
DA:25,1
DA:26,2
DA:28,2
LF:12
LH:12
end_of_record
SF:lib\presentation\bloc\now_playing\now_playing_movies_event.dart
DA:4,2
DA:6,0
DA:7,0
LF:3
LH:1
end_of_record
SF:lib\presentation\bloc\popular\popular_movies_state.dart
DA:4,4
DA:6,1
DA:7,1
DA:19,3
DA:21,1
DA:22,2
DA:28,2
DA:30,1
DA:31,2
LF:9
LH:9
end_of_record
SF:lib\presentation\bloc\popular\popular_movies_bloc.dart
DA:12,3
DA:13,2
DA:14,2
DA:16,2
DA:18,1
DA:19,1
DA:20,3
DA:22,1
DA:23,1
DA:24,2
DA:26,2
LF:11
LH:11
end_of_record
SF:lib\presentation\bloc\popular\popular_movies_event.dart
DA:4,2
DA:6,0
DA:7,0
LF:3
LH:1
end_of_record
SF:lib\presentation\bloc\top_rated\top_rated_movies_bloc.dart
DA:13,3
DA:14,2
DA:15,2
DA:17,2
DA:19,1
DA:20,1
DA:21,3
DA:23,1
DA:24,1
DA:25,2
DA:27,2
LF:11
LH:11
end_of_record
SF:lib\presentation\bloc\top_rated\top_rated_movies_event.dart
DA:4,2
DA:6,0
DA:7,0
LF:3
LH:1
end_of_record
SF:lib\presentation\bloc\top_rated\top_rated_movies_state.dart
DA:4,4
DA:6,1
DA:7,1
DA:19,3
DA:21,1
DA:22,2
DA:28,2
DA:30,1
DA:31,2
LF:9
LH:9
end_of_record
SF:lib\presentation\bloc\up_coming\up_coming_movies_state.dart
DA:4,2
DA:6,1
DA:7,1
DA:19,2
DA:21,1
DA:22,2
DA:28,1
DA:30,1
DA:31,2
LF:9
LH:9
end_of_record
SF:lib\presentation\bloc\up_coming\up_coming_movies_event.dart
DA:4,1
DA:6,0
DA:7,0
LF:3
LH:1
end_of_record
SF:lib\presentation\bloc\up_coming\up_coming_movies_bloc.dart
DA:13,3
DA:14,2
DA:15,2
DA:17,2
DA:19,1
DA:20,1
DA:21,3
DA:23,1
DA:24,1
DA:25,2
DA:27,2
LF:11
LH:11
end_of_record
SF:lib\presentation\bloc\search\search_movies_state.dart
DA:4,4
DA:6,1
DA:7,1
DA:19,3
DA:21,1
DA:22,2
DA:28,2
DA:30,1
DA:31,2
LF:9
LH:9
end_of_record
SF:lib\presentation\bloc\search\search_movies_event.dart
DA:4,1
DA:6,0
DA:7,0
DA:13,1
DA:15,0
DA:16,0
LF:6
LH:2
end_of_record
SF:lib\presentation\bloc\search\search_movies_bloc.dart
DA:13,3
DA:14,2
DA:15,1
DA:17,2
DA:18,2
DA:20,1
DA:21,1
DA:22,3
DA:24,1
DA:25,1
DA:26,2
DA:28,2
DA:32,1
DA:35,1
DA:36,3
LF:15
LH:15
end_of_record
SF:lib\presentation\bloc\watchlist\watchlist_movies_bloc.dart
DA:13,1
DA:14,2
DA:15,2
DA:16,2
DA:18,2
DA:20,1
DA:21,1
DA:22,3
DA:24,1
DA:25,1
DA:26,2
DA:28,2
LF:12
LH:12
end_of_record
SF:lib\presentation\bloc\watchlist\watchlist_movies_state.dart
DA:4,4
DA:6,1
DA:7,1
DA:19,3
DA:21,1
DA:22,2
DA:28,2
DA:30,1
DA:31,2
LF:9
LH:9
end_of_record
SF:lib\presentation\bloc\watchlist\watchlist_movies_event.dart
DA:4,2
DA:6,0
DA:7,0
LF:3
LH:1
end_of_record
SF:lib\presentation\pages\movie_detail_page.dart
DA:20,1
DA:22,1
DA:23,1
DA:27,1
DA:29,1
DA:30,2
DA:31,6
DA:32,1
DA:33,1
DA:34,4
DA:38,1
DA:40,1
DA:41,1
DA:42,1
DA:43,2
DA:47,2
DA:48,1
DA:49,1
DA:50,1
DA:52,1
DA:53,1
DA:56,2
DA:60,2
DA:61,1
DA:62,2
DA:65,0
DA:66,0
DA:80,1
DA:87,1
DA:89,3
DA:90,1
DA:91,1
DA:92,1
DA:93,3
DA:95,1
DA:98,0
DA:100,1
DA:102,1
DA:103,1
DA:104,1
DA:114,1
DA:115,1
DA:116,1
DA:118,1
DA:120,1
DA:122,1
DA:123,1
DA:124,2
DA:125,1
DA:127,1
DA:128,0
DA:129,0
DA:130,0
DA:131,0
DA:132,0
DA:133,0
DA:134,0
DA:137,0
DA:140,0
DA:141,0
DA:143,0
DA:147,0
DA:149,0
DA:150,0
DA:151,0
DA:157,1
DA:158,1
DA:160,1
DA:161,1
DA:163,1
DA:164,3
DA:167,1
DA:168,3
DA:171,1
DA:173,1
DA:174,1
DA:183,1
DA:184,3
DA:186,1
DA:187,3
DA:189,1
DA:190,1
DA:191,1
DA:192,3
DA:194,1
DA:200,4
DA:204,1
DA:206,1
DA:208,1
DA:209,2
DA:212,1
DA:214,1
DA:216,1
DA:217,1
DA:218,2
DA:221,2
DA:223,1
DA:225,1
DA:227,1
DA:228,2
DA:229,1
DA:231,1
DA:232,0
DA:233,0
DA:236,0
DA:239,1
DA:243,1
DA:245,2
DA:246,1
DA:247,1
DA:250,1
DA:252,1
DA:254,1
DA:255,1
DA:261,0
DA:272,2
DA:275,0
DA:280,0
DA:282,0
DA:284,0
DA:285,0
DA:294,1
DA:296,1
DA:309,1
DA:311,1
DA:314,1
DA:317,0
DA:318,0
DA:327,1
DA:329,2
DA:330,3
DA:333,1
DA:337,3
DA:340,1
DA:341,1
DA:342,1
DA:344,1
DA:345,1
DA:347,0
LF:139
LH:109
end_of_record
SF:lib\presentation\pages\now_playing_movies_page.dart
DA:12,1
DA:14,1
DA:15,1
DA:19,1
DA:21,1
DA:22,1
DA:23,5
DA:27,1
DA:29,1
DA:30,1
DA:33,1
DA:35,1
DA:36,1
DA:37,1
DA:41,1
DA:42,1
DA:43,1
DA:44,1
DA:45,1
DA:46,1
DA:48,1
DA:50,1
DA:54,1
DA:55,1
DA:57,2
DA:60,0
DA:61,0
LF:27
LH:25
end_of_record
SF:lib\presentation\widgets\movie_card_list.dart
DA:10,5
DA:12,5
DA:14,5
DA:16,5
DA:17,0
DA:18,0
DA:21,0
DA:24,5
DA:26,5
DA:27,5
DA:28,5
DA:34,5
DA:36,5
DA:37,5
DA:38,10
DA:41,5
DA:44,5
DA:45,10
DA:53,5
DA:58,5
DA:60,5
DA:61,15
DA:63,5
DA:66,0
LF:24
LH:20
end_of_record
SF:lib\presentation\pages\popular_movies_page.dart
DA:13,1
DA:15,1
DA:16,1
DA:20,1
DA:22,1
DA:23,1
DA:24,5
DA:28,1
DA:30,1
DA:31,1
DA:34,1
DA:36,1
DA:37,1
DA:38,1
DA:42,1
DA:43,1
DA:44,1
DA:45,1
DA:46,1
DA:47,1
DA:49,1
DA:51,1
DA:55,1
DA:56,1
DA:58,2
DA:61,0
DA:62,0
LF:27
LH:25
end_of_record
SF:lib\presentation\pages\search_movies_page.dart
DA:11,1
DA:13,1
DA:15,1
DA:16,1
DA:19,1
DA:21,1
DA:23,1
DA:24,1
DA:25,0
DA:26,0
DA:36,1
DA:38,1
DA:40,1
DA:41,1
DA:42,1
DA:46,1
DA:47,1
DA:48,1
DA:49,1
DA:51,1
DA:52,1
DA:53,1
DA:55,1
DA:58,1
DA:64,1
DA:65,1
DA:67,1
DA:68,2
DA:72,0
DA:73,0
LF:30
LH:26
end_of_record
SF:lib\presentation\pages\top_rated_movies_page.dart
DA:12,1
DA:14,1
DA:15,1
DA:19,1
DA:21,1
DA:22,1
DA:23,5
DA:27,1
DA:29,1
DA:30,1
DA:33,1
DA:35,1
DA:36,1
DA:37,1
DA:41,1
DA:42,1
DA:43,1
DA:44,1
DA:45,1
DA:46,1
DA:48,1
DA:50,1
DA:54,1
DA:55,1
DA:57,2
DA:60,0
DA:61,0
LF:27
LH:25
end_of_record
SF:lib\presentation\pages\watchlist_movies_page.dart
DA:13,1
DA:15,1
DA:16,1
DA:21,1
DA:23,1
DA:24,1
DA:25,5
DA:29,1
DA:31,1
DA:32,4
DA:35,0
DA:37,0
DA:40,1
DA:42,1
DA:43,1
DA:45,1
DA:46,1
DA:47,1
DA:51,1
DA:52,1
DA:53,1
DA:54,1
DA:55,1
DA:56,1
DA:58,1
DA:60,1
DA:64,1
DA:65,1
DA:67,2
DA:70,0
DA:71,0
DA:80,1
DA:82,2
DA:83,1
LF:34
LH:30
end_of_record
